<?xml version="1.0" encoding="UTF-8"?>
<testng-results skipped="0" failed="0" ignored="0" total="10" passed="10">
  <reporter-output>
  </reporter-output>
  <suite name="Zoopla Automation Test Suite" duration-ms="203979" started-at="2020-08-31T02:08:32 PDT" finished-at="2020-08-31T02:11:56 PDT">
    <groups>
    </groups>
    <test name="Zoopla Search Test Cases" duration-ms="203979" started-at="2020-08-31T02:08:32 PDT" finished-at="2020-08-31T02:11:56 PDT">
      <class name="com.zoopla.test.Fiftyproptest">
        <test-method status="PASS" signature="setup()[pri:0, instance:com.zoopla.test.Fiftyproptest@28a0fd6c]" name="setup" is-config="true" duration-ms="43185" started-at="2020-08-31T02:08:32 PDT" finished-at="2020-08-31T02:09:15 PDT">
          <reporter-output>
          </reporter-output>
        </test-method> <!-- setup -->
        <test-method status="PASS" signature="Varifyagentlogotest()[pri:1, instance:com.zoopla.test.Fiftyproptest@28a0fd6c]" name="Varifyagentlogotest" duration-ms="184" started-at="2020-08-31T02:11:41 PDT" description="Agent Logo" finished-at="2020-08-31T02:11:42 PDT">
          <reporter-output>
          </reporter-output>
        </test-method> <!-- Varifyagentlogotest -->
        <test-method status="PASS" signature="Varifyagentnametest()[pri:2, instance:com.zoopla.test.Fiftyproptest@28a0fd6c]" name="Varifyagentnametest" duration-ms="78" started-at="2020-08-31T02:11:42 PDT" description="Agent Name" finished-at="2020-08-31T02:11:42 PDT">
          <reporter-output>
          </reporter-output>
        </test-method> <!-- Varifyagentnametest -->
        <test-method status="PASS" signature="Varifyagentnotest()[pri:3, instance:com.zoopla.test.Fiftyproptest@28a0fd6c]" name="Varifyagentnotest" duration-ms="5326" started-at="2020-08-31T02:11:42 PDT" description="Agent Mobil number" finished-at="2020-08-31T02:11:47 PDT">
          <reporter-output>
          </reporter-output>
        </test-method> <!-- Varifyagentnotest -->
        <test-method status="PASS" signature="Validateagentnametest()[pri:4, instance:com.zoopla.test.Fiftyproptest@28a0fd6c]" name="Validateagentnametest" duration-ms="43" started-at="2020-08-31T02:11:47 PDT" description="validate agent name" finished-at="2020-08-31T02:11:47 PDT">
          <reporter-output>
          </reporter-output>
        </test-method> <!-- Validateagentnametest -->
        <test-method status="PASS" signature="teardown()[pri:0, instance:com.zoopla.test.Fiftyproptest@28a0fd6c]" name="teardown" is-config="true" duration-ms="1" started-at="2020-08-31T02:11:47 PDT" finished-at="2020-08-31T02:11:47 PDT">
          <reporter-output>
          </reporter-output>
        </test-method> <!-- teardown -->
      </class> <!-- com.zoopla.test.Fiftyproptest -->
      <class name="com.zoopla.test.Propertytest">
        <test-method status="PASS" signature="setup()[pri:0, instance:com.zoopla.test.Propertytest@5fd62371]" name="setup" is-config="true" duration-ms="51467" started-at="2020-08-31T02:09:15 PDT" finished-at="2020-08-31T02:10:07 PDT">
          <reporter-output>
          </reporter-output>
        </test-method> <!-- setup -->
        <test-method status="PASS" signature="Varifytitletest()[pri:1, instance:com.zoopla.test.Propertytest@5fd62371]" name="Varifytitletest" duration-ms="2042" started-at="2020-08-31T02:11:01 PDT" description="Zoopla Search Page Title" finished-at="2020-08-31T02:11:03 PDT">
          <reporter-output>
          </reporter-output>
        </test-method> <!-- Varifytitletest -->
        <test-method status="PASS" signature="VarifyListofPropTest()[pri:2, instance:com.zoopla.test.Propertytest@5fd62371]" name="VarifyListofPropTest" duration-ms="674" started-at="2020-08-31T02:11:03 PDT" description="Zoopla Property List Page" finished-at="2020-08-31T02:11:03 PDT">
          <reporter-output>
          </reporter-output>
        </test-method> <!-- VarifyListofPropTest -->
        <test-method status="PASS" signature="VarifyPropertyListValuesTest()[pri:3, instance:com.zoopla.test.Propertytest@5fd62371]" name="VarifyPropertyListValuesTest" duration-ms="28687" started-at="2020-08-31T02:11:03 PDT" description="Get List of Property values" finished-at="2020-08-31T02:11:32 PDT">
          <reporter-output>
          </reporter-output>
        </test-method> <!-- VarifyPropertyListValuesTest -->
        <test-method status="PASS" signature="Varify5thPropertyValuesTest()[pri:4, instance:com.zoopla.test.Propertytest@5fd62371]" name="Varify5thPropertyValuesTest" duration-ms="9260" started-at="2020-08-31T02:11:32 PDT" description="Get Fifty property values from list" finished-at="2020-08-31T02:11:41 PDT">
          <reporter-output>
          </reporter-output>
        </test-method> <!-- Varify5thPropertyValuesTest -->
        <test-method status="PASS" signature="teardown()[pri:0, instance:com.zoopla.test.Propertytest@5fd62371]" name="teardown" is-config="true" duration-ms="7798" started-at="2020-08-31T02:11:47 PDT" finished-at="2020-08-31T02:11:55 PDT">
          <reporter-output>
          </reporter-output>
        </test-method> <!-- teardown -->
      </class> <!-- com.zoopla.test.Propertytest -->
      <class name="com.zoopla.test.Searchtest">
        <test-method status="PASS" signature="setup()[pri:0, instance:com.zoopla.test.Searchtest@495083a0]" name="setup" is-config="true" duration-ms="34750" started-at="2020-08-31T02:10:07 PDT" finished-at="2020-08-31T02:10:41 PDT">
          <reporter-output>
          </reporter-output>
        </test-method> <!-- setup -->
        <test-method status="PASS" signature="VarifyHomepagelabeltest()[pri:1, instance:com.zoopla.test.Searchtest@495083a0]" name="VarifyHomepagelabeltest" duration-ms="2844" started-at="2020-08-31T02:10:41 PDT" description="Zoopla Home Page" finished-at="2020-08-31T02:10:44 PDT">
          <reporter-output>
          </reporter-output>
        </test-method> <!-- VarifyHomepagelabeltest -->
        <test-method status="PASS" signature="Varifycitynametest()[pri:2, instance:com.zoopla.test.Searchtest@495083a0]" name="Varifycitynametest" duration-ms="15383" started-at="2020-08-31T02:10:45 PDT" description="Zoopla City Search Page" finished-at="2020-08-31T02:11:00 PDT">
          <reporter-output>
          </reporter-output>
        </test-method> <!-- Varifycitynametest -->
        <test-method status="PASS" signature="teardown()[pri:0, instance:com.zoopla.test.Searchtest@495083a0]" name="teardown" is-config="true" duration-ms="1042" started-at="2020-08-31T02:11:55 PDT" finished-at="2020-08-31T02:11:56 PDT">
          <reporter-output>
          </reporter-output>
        </test-method> <!-- teardown -->
      </class> <!-- com.zoopla.test.Searchtest -->
    </test> <!-- Zoopla Search Test Cases -->
  </suite> <!-- Zoopla Automation Test Suite -->
</testng-results>
