<?xml version="1.0" encoding="UTF-8"?>
<!-- Generated by org.testng.reporters.JUnitXMLReporter -->
<testsuite hostname="BRTL059" ignored="0" name="Zoopla Search Test Cases" tests="10" failures="0" timestamp="2020-08-31T02:11:56 PDT" time="203.979" errors="0">
  <testcase name="VarifyHomepagelabeltest" time="2.844" classname="com.zoopla.test.Searchtest"/>
  <testcase name="Varifycitynametest" time="15.383" classname="com.zoopla.test.Searchtest"/>
  <testcase name="Varifytitletest" time="2.042" classname="com.zoopla.test.Propertytest"/>
  <testcase name="VarifyListofPropTest" time="0.674" classname="com.zoopla.test.Propertytest"/>
  <testcase name="VarifyPropertyListValuesTest" time="28.687" classname="com.zoopla.test.Propertytest"/>
  <testcase name="Varify5thPropertyValuesTest" time="9.26" classname="com.zoopla.test.Propertytest"/>
  <testcase name="Varifyagentlogotest" time="0.184" classname="com.zoopla.test.Fiftyproptest"/>
  <testcase name="Varifyagentnametest" time="0.078" classname="com.zoopla.test.Fiftyproptest"/>
  <testcase name="Varifyagentnotest" time="5.326" classname="com.zoopla.test.Fiftyproptest"/>
  <testcase name="Validateagentnametest" time="0.043" classname="com.zoopla.test.Fiftyproptest"/>
</testsuite> <!-- Zoopla Search Test Cases -->
